<?xml version="1.0" encoding="UTF-8" ?>
<testsuite failures="0" time="0.001" errors="0" skipped="0" tests="0" name="com.town.dubbo.test.ProviderTest">
  <properties>
    <property name="java.runtime.name" value="Java(TM) SE Runtime Environment"/>
    <property name="sun.boot.library.path" value="D:\softwhere\work\jdk1.7.0\jre\bin"/>
    <property name="java.vm.version" value="21.0-b17"/>
    <property name="java.vm.vendor" value="Oracle Corporation"/>
    <property name="java.vendor.url" value="http://java.oracle.com/"/>
    <property name="path.separator" value=";"/>
    <property name="java.vm.name" value="Java HotSpot(TM) Client VM"/>
    <property name="file.encoding.pkg" value="sun.io"/>
    <property name="user.script" value=""/>
    <property name="user.country" value="CN"/>
    <property name="sun.java.launcher" value="SUN_STANDARD"/>
    <property name="sun.os.patch.level" value="Service Pack 1"/>
    <property name="java.vm.specification.name" value="Java Virtual Machine Specification"/>
    <property name="user.dir" value="D:\workspace_anxin\provider"/>
    <property name="java.runtime.version" value="1.7.0-b147"/>
    <property name="java.awt.graphicsenv" value="sun.awt.Win32GraphicsEnvironment"/>
    <property name="basedir" value="D:\workspace_anxin\provider"/>
    <property name="java.endorsed.dirs" value="D:\softwhere\work\jdk1.7.0\jre\lib\endorsed"/>
    <property name="os.arch" value="x86"/>
    <property name="surefire.real.class.path" value="D:\workspace_anxin\provider\target\surefire\surefirebooter4525650184013481061.jar"/>
    <property name="java.io.tmpdir" value="C:\Users\issuser\AppData\Local\Temp\"/>
    <property name="line.separator" value="
"/>
    <property name="java.vm.specification.vendor" value="Oracle Corporation"/>
    <property name="user.variant" value=""/>
    <property name="os.name" value="Windows 7"/>
    <property name="sun.jnu.encoding" value="GBK"/>
    <property name="java.library.path" value="D:\softwhere\work\jdk1.7.0\jre\bin;C:\Windows\Sun\Java\bin;C:\Windows\system32;C:\Windows;D:/softwhere/work/jdk1.7.0/bin/../jre/bin/client;D:/softwhere/work/jdk1.7.0/bin/../jre/bin;D:/softwhere/work/jdk1.7.0/bin/../jre/lib/i386;C:\Windows\system32;C:\Windows;C:\Windows\System32\Wbem;C:\Windows\System32\WindowsPowerShell\v1.0\.;D:\softwhere\work\jdk1.7.0\bin;D:\softwhere\work\apache-maven-3.0.3\bin;D:\softwhere\work\eclipse;;."/>
    <property name="surefire.test.class.path" value="D:\workspace_anxin\provider\target\test-classes;D:\workspace_anxin\provider\target\classes;C:\Users\issuser\.m2\repository\com\alibaba\dubbo\2.5.3\dubbo-2.5.3.jar;C:\Users\issuser\.m2\repository\org\javassist\javassist\3.15.0-GA\javassist-3.15.0-GA.jar;C:\Users\issuser\.m2\repository\org\jboss\netty\netty\3.2.5.Final\netty-3.2.5.Final.jar;C:\Users\issuser\.m2\repository\com\github\sgroschupf\zkclient\0.1\zkclient-0.1.jar;C:\Users\issuser\.m2\repository\org\apache\zookeeper\zookeeper\3.3.3\zookeeper-3.3.3.jar;C:\Users\issuser\.m2\repository\jline\jline\0.9.94\jline-0.9.94.jar;C:\Users\issuser\.m2\repository\junit\junit\3.8.1\junit-3.8.1.jar;C:\Users\issuser\.m2\repository\log4j\log4j\1.2.14\log4j-1.2.14.jar;C:\Users\issuser\.m2\repository\org\springframework\spring-core\3.2.8.RELEASE\spring-core-3.2.8.RELEASE.jar;C:\Users\issuser\.m2\repository\commons-logging\commons-logging\1.1.3\commons-logging-1.1.3.jar;C:\Users\issuser\.m2\repository\org\springframework\spring-beans\3.2.8.RELEASE\spring-beans-3.2.8.RELEASE.jar;C:\Users\issuser\.m2\repository\org\springframework\spring-context\3.2.8.RELEASE\spring-context-3.2.8.RELEASE.jar;C:\Users\issuser\.m2\repository\org\springframework\spring-expression\3.2.8.RELEASE\spring-expression-3.2.8.RELEASE.jar;C:\Users\issuser\.m2\repository\org\springframework\spring-jdbc\3.2.8.RELEASE\spring-jdbc-3.2.8.RELEASE.jar;C:\Users\issuser\.m2\repository\org\springframework\spring-web\3.2.8.RELEASE\spring-web-3.2.8.RELEASE.jar;C:\Users\issuser\.m2\repository\org\springframework\spring-webmvc\3.2.8.RELEASE\spring-webmvc-3.2.8.RELEASE.jar;C:\Users\issuser\.m2\repository\org\springframework\spring-aop\3.2.8.RELEASE\spring-aop-3.2.8.RELEASE.jar;C:\Users\issuser\.m2\repository\aopalliance\aopalliance\1.0\aopalliance-1.0.jar;C:\Users\issuser\.m2\repository\org\springframework\spring-tx\3.2.8.RELEASE\spring-tx-3.2.8.RELEASE.jar;C:\Users\issuser\.m2\repository\org\springframework\spring-orm\3.2.8.RELEASE\spring-orm-3.2.8.RELEASE.jar;C:\Users\issuser\.m2\repository\org\springframework\spring-context-support\3.2.8.RELEASE\spring-context-support-3.2.8.RELEASE.jar;C:\Users\issuser\.m2\repository\org\springframework\spring-test\3.2.8.RELEASE\spring-test-3.2.8.RELEASE.jar;C:\Users\issuser\.m2\repository\org\springframework\spring-jms\3.2.8.RELEASE\spring-jms-3.2.8.RELEASE.jar;"/>
    <property name="java.specification.name" value="Java Platform API Specification"/>
    <property name="java.class.version" value="51.0"/>
    <property name="sun.management.compiler" value="HotSpot Client Compiler"/>
    <property name="os.version" value="6.1"/>
    <property name="user.home" value="C:\Users\issuser"/>
    <property name="user.timezone" value=""/>
    <property name="java.awt.printerjob" value="sun.awt.windows.WPrinterJob"/>
    <property name="java.specification.version" value="1.7"/>
    <property name="file.encoding" value="GBK"/>
    <property name="user.name" value="issuser"/>
    <property name="java.class.path" value="D:\workspace_anxin\provider\target\test-classes;D:\workspace_anxin\provider\target\classes;C:\Users\issuser\.m2\repository\com\alibaba\dubbo\2.5.3\dubbo-2.5.3.jar;C:\Users\issuser\.m2\repository\org\javassist\javassist\3.15.0-GA\javassist-3.15.0-GA.jar;C:\Users\issuser\.m2\repository\org\jboss\netty\netty\3.2.5.Final\netty-3.2.5.Final.jar;C:\Users\issuser\.m2\repository\com\github\sgroschupf\zkclient\0.1\zkclient-0.1.jar;C:\Users\issuser\.m2\repository\org\apache\zookeeper\zookeeper\3.3.3\zookeeper-3.3.3.jar;C:\Users\issuser\.m2\repository\jline\jline\0.9.94\jline-0.9.94.jar;C:\Users\issuser\.m2\repository\junit\junit\3.8.1\junit-3.8.1.jar;C:\Users\issuser\.m2\repository\log4j\log4j\1.2.14\log4j-1.2.14.jar;C:\Users\issuser\.m2\repository\org\springframework\spring-core\3.2.8.RELEASE\spring-core-3.2.8.RELEASE.jar;C:\Users\issuser\.m2\repository\commons-logging\commons-logging\1.1.3\commons-logging-1.1.3.jar;C:\Users\issuser\.m2\repository\org\springframework\spring-beans\3.2.8.RELEASE\spring-beans-3.2.8.RELEASE.jar;C:\Users\issuser\.m2\repository\org\springframework\spring-context\3.2.8.RELEASE\spring-context-3.2.8.RELEASE.jar;C:\Users\issuser\.m2\repository\org\springframework\spring-expression\3.2.8.RELEASE\spring-expression-3.2.8.RELEASE.jar;C:\Users\issuser\.m2\repository\org\springframework\spring-jdbc\3.2.8.RELEASE\spring-jdbc-3.2.8.RELEASE.jar;C:\Users\issuser\.m2\repository\org\springframework\spring-web\3.2.8.RELEASE\spring-web-3.2.8.RELEASE.jar;C:\Users\issuser\.m2\repository\org\springframework\spring-webmvc\3.2.8.RELEASE\spring-webmvc-3.2.8.RELEASE.jar;C:\Users\issuser\.m2\repository\org\springframework\spring-aop\3.2.8.RELEASE\spring-aop-3.2.8.RELEASE.jar;C:\Users\issuser\.m2\repository\aopalliance\aopalliance\1.0\aopalliance-1.0.jar;C:\Users\issuser\.m2\repository\org\springframework\spring-tx\3.2.8.RELEASE\spring-tx-3.2.8.RELEASE.jar;C:\Users\issuser\.m2\repository\org\springframework\spring-orm\3.2.8.RELEASE\spring-orm-3.2.8.RELEASE.jar;C:\Users\issuser\.m2\repository\org\springframework\spring-context-support\3.2.8.RELEASE\spring-context-support-3.2.8.RELEASE.jar;C:\Users\issuser\.m2\repository\org\springframework\spring-test\3.2.8.RELEASE\spring-test-3.2.8.RELEASE.jar;C:\Users\issuser\.m2\repository\org\springframework\spring-jms\3.2.8.RELEASE\spring-jms-3.2.8.RELEASE.jar;"/>
    <property name="java.vm.specification.version" value="1.7"/>
    <property name="sun.arch.data.model" value="32"/>
    <property name="java.home" value="D:\softwhere\work\jdk1.7.0\jre"/>
    <property name="sun.java.command" value="D:\workspace_anxin\provider\target\surefire\surefirebooter4525650184013481061.jar D:\workspace_anxin\provider\target\surefire\surefire6840446714531724771tmp D:\workspace_anxin\provider\target\surefire\surefire1451285335787330802tmp"/>
    <property name="java.specification.vendor" value="Oracle Corporation"/>
    <property name="user.language" value="zh"/>
    <property name="awt.toolkit" value="sun.awt.windows.WToolkit"/>
    <property name="java.vm.info" value="mixed mode, sharing"/>
    <property name="java.version" value="1.7.0"/>
    <property name="java.ext.dirs" value="D:\softwhere\work\jdk1.7.0\jre\lib\ext;C:\Windows\Sun\Java\lib\ext"/>
    <property name="sun.boot.class.path" value="D:\softwhere\work\jdk1.7.0\jre\lib\resources.jar;D:\softwhere\work\jdk1.7.0\jre\lib\rt.jar;D:\softwhere\work\jdk1.7.0\jre\lib\sunrsasign.jar;D:\softwhere\work\jdk1.7.0\jre\lib\jsse.jar;D:\softwhere\work\jdk1.7.0\jre\lib\jce.jar;D:\softwhere\work\jdk1.7.0\jre\lib\charsets.jar;D:\softwhere\work\jdk1.7.0\jre\classes"/>
    <property name="java.vendor" value="Oracle Corporation"/>
    <property name="localRepository" value="C:\Users\issuser\.m2\repository"/>
    <property name="file.separator" value="\"/>
    <property name="java.vendor.url.bug" value="http://bugreport.sun.com/bugreport/"/>
    <property name="sun.cpu.endian" value="little"/>
    <property name="sun.io.unicode.encoding" value="UnicodeLittle"/>
    <property name="sun.desktop" value="windows"/>
    <property name="sun.cpu.isalist" value="pentium_pro+mmx pentium_pro pentium+mmx pentium i486 i386 i86"/>
  </properties>
</testsuite>